c:\users\gvargasr\itcr\datos1\progras\progra3\avance1\interfaz\x64\debug\vc143.pdb
c:\users\gvargasr\itcr\datos1\progras\progra3\avance1\interfaz\x64\debug\.netframework,version=v4.7.2.assemblyattributes.obj
c:\users\gvargasr\itcr\datos1\progras\progra3\avance1\interfaz\x64\debug\ventanaprincipal.obj
c:\users\gvargasr\itcr\datos1\progras\progra3\avance1\interfaz\x64\debug\ventanamenu.obj
c:\users\gvargasr\itcr\datos1\progras\progra3\avance1\interfaz\x64\debug\rnrest.obj
c:\users\gvargasr\itcr\datos1\progras\progra3\avance1\interfaz\x64\debug\pilaproducto.obj
c:\users\gvargasr\itcr\datos1\progras\progra3\avance1\interfaz\x64\debug\pilapais.obj
c:\users\gvargasr\itcr\datos1\progras\progra3\avance1\interfaz\x64\debug\pilaciudad.obj
c:\users\gvargasr\itcr\datos1\progras\progra3\avance1\interfaz\x64\debug\nodoldcompra.obj
c:\users\gvargasr\itcr\datos1\progras\progra3\avance1\interfaz\x64\debug\listadfila.obj
c:\users\gvargasr\itcr\datos1\progras\progra3\avance1\interfaz\x64\debug\listadcompra.obj
c:\users\gvargasr\itcr\datos1\progras\progra3\avance1\interfaz\x64\debug\cargararchivo.obj
c:\users\gvargasr\itcr\datos1\progras\progra3\avance1\interfaz\x64\debug\binariopais.obj
c:\users\gvargasr\itcr\datos1\progras\progra3\avance1\interfaz\x64\debug\avlproducto.obj
c:\users\gvargasr\itcr\datos1\progras\progra3\avance1\interfaz\x64\debug\avlciudad.obj
c:\users\gvargasr\itcr\datos1\progras\progra3\avance1\interfaz\x64\debug\arbolb.obj
c:\users\gvargasr\itcr\datos1\progras\progra3\avance1\interfaz\x64\debug\aamenu.obj
c:\users\gvargasr\itcr\datos1\progras\progra3\avance1\interfaz\x64\debug\ventanacontacto.obj
c:\users\gvargasr\itcr\datos1\progras\progra3\avance1\interfaz\x64\debug\ventanainsertarpais.obj
c:\users\gvargasr\itcr\datos1\progras\progra3\avance1\interfaz\x64\debug\ventanainsertarrestaurante.obj
c:\users\gvargasr\itcr\datos1\progras\progra3\avance1\interfaz\x64\debug\ventanainsertarproducto.obj
c:\users\gvargasr\itcr\datos1\progras\progra3\avance1\interfaz\x64\debug\ventanainsertarmenu.obj
c:\users\gvargasr\itcr\datos1\progras\progra3\avance1\interfaz\x64\debug\ventanainsertarcliente.obj
c:\users\gvargasr\itcr\datos1\progras\progra3\avance1\interfaz\x64\debug\ventanainsertarciudad.obj
c:\users\gvargasr\itcr\datos1\progras\progra3\avance1\interfaz\x64\debug\ventanainsertaradmin.obj
c:\users\gvargasr\itcr\datos1\progras\progra3\avance1\interfaz\x64\debug\interfaz.exe
c:\users\gvargasr\itcr\datos1\progras\progra3\avance1\interfaz\x64\debug\interfaz.pdb
c:\users\gvargasr\itcr\datos1\progras\progra3\avance1\interfaz\x64\debug\interfaz.res
c:\users\gvargasr\itcr\datos1\progras\progra3\avance1\interfaz\x64\debug\contacto.obj
c:\users\gvargasr\itcr\datos1\progras\progra3\avance1\interfaz\x64\debug\main.obj
c:\users\gvargasr\itcr\datos1\progras\progra3\avance1\interfaz\x64\debug\interfaz.exe.metagen
c:\users\gvargasr\itcr\datos1\progras\progra3\avance1\interfaz\x64\debug\interfaz.tlog\cl.command.1.tlog
c:\users\gvargasr\itcr\datos1\progras\progra3\avance1\interfaz\x64\debug\interfaz.tlog\cl.items.tlog
c:\users\gvargasr\itcr\datos1\progras\progra3\avance1\interfaz\x64\debug\interfaz.tlog\cl.read.1.tlog
c:\users\gvargasr\itcr\datos1\progras\progra3\avance1\interfaz\x64\debug\interfaz.tlog\cl.write.1.tlog
c:\users\gvargasr\itcr\datos1\progras\progra3\avance1\interfaz\x64\debug\interfaz.tlog\link.command.1.tlog
c:\users\gvargasr\itcr\datos1\progras\progra3\avance1\interfaz\x64\debug\interfaz.tlog\link.read.1.tlog
c:\users\gvargasr\itcr\datos1\progras\progra3\avance1\interfaz\x64\debug\interfaz.tlog\link.write.1.tlog
c:\users\gvargasr\itcr\datos1\progras\progra3\avance1\interfaz\x64\debug\interfaz.tlog\metagen.read.1.tlog
c:\users\gvargasr\itcr\datos1\progras\progra3\avance1\interfaz\x64\debug\interfaz.tlog\metagen.write.1.tlog
c:\users\gvargasr\itcr\datos1\progras\progra3\avance1\interfaz\x64\debug\interfaz.tlog\rc.command.1.tlog
c:\users\gvargasr\itcr\datos1\progras\progra3\avance1\interfaz\x64\debug\interfaz.tlog\rc.read.1.tlog
c:\users\gvargasr\itcr\datos1\progras\progra3\avance1\interfaz\x64\debug\interfaz.tlog\rc.write.1.tlog
c:\users\gvargasr\itcr\datos1\progras\progra3\avance1\interfaz\x64\debug\interfaz.tlog\resgen.command.1.tlog
c:\users\gvargasr\itcr\datos1\progras\progra3\avance1\interfaz\x64\debug\interfaz.tlog\resgen.read.1.tlog
c:\users\gvargasr\itcr\datos1\progras\progra3\avance1\interfaz\x64\debug\interfaz.tlog\resgen.write.1.tlog
