C:\Program Files\Microsoft Visual Studio\2022\Community\MSBuild\Microsoft\VC\v170\Microsoft.CppBuild.targets(1116,5): warning MSB8027: Two or more files with the name of main.cpp will produce outputs to the same location. This can lead to an incorrect build result.  The files involved are main.cpp, pais\ciudad\Main.cpp, pais\Main.cpp.
  cargarArchivo.cpp
C:\Users\gvargasr\ITCR\Datos1\PROGRAS\PROGRA2\Proyecto2\Pais\Ciudad\Restaurante\Menu\AAMenu.cpp(28,9): warning C4101: 'nivel': unreferenced local variable
C:\Users\gvargasr\ITCR\Datos1\PROGRAS\PROGRA2\Proyecto2\Cliente\ListaCompra.cpp(6,20): error C2011: 'nodoLDCompra': 'class' type redefinition
C:\Users\gvargasr\ITCR\Datos1\PROGRAS\PROGRA2\Proyecto2\Cliente\ListaCompra.cpp(6,7): message : see declaration of 'nodoLDCompra'
C:\Users\gvargasr\ITCR\Datos1\PROGRAS\PROGRA2\Proyecto2\Cliente\ListaCompra.cpp(51,20): error C2011: 'listaDCompra': 'class' type redefinition
C:\Users\gvargasr\ITCR\Datos1\PROGRAS\PROGRA2\Proyecto2\Cliente\ListaCompra.cpp(51,7): message : see declaration of 'listaDCompra'
C:\Users\gvargasr\ITCR\Datos1\PROGRAS\PROGRA2\Proyecto2\Cliente\ListaCompra.cpp(78,16): error C2027: use of undefined type 'listaDCompra'
C:\Users\gvargasr\ITCR\Datos1\PROGRAS\PROGRA2\Proyecto2\Cliente\ListaCompra.cpp(51,7): message : see declaration of 'listaDCompra'
C:\Users\gvargasr\ITCR\Datos1\PROGRAS\PROGRA2\Proyecto2\Cliente\ListaCompra.cpp(79,1): error C4430: missing type specifier - int assumed. Note: C++ does not support default-int
C:\Users\gvargasr\ITCR\Datos1\PROGRAS\PROGRA2\Proyecto2\Cliente\ListaCompra.cpp(82,10): error C2065: 'primero': undeclared identifier
C:\Users\gvargasr\ITCR\Datos1\PROGRAS\PROGRA2\Proyecto2\Cliente\ListaCompra.cpp(83,13): error C2065: 'primero': undeclared identifier
C:\Users\gvargasr\ITCR\Datos1\PROGRAS\PROGRA2\Proyecto2\Cliente\ListaCompra.cpp(84,7): error C2065: 'primero': undeclared identifier
C:\Users\gvargasr\ITCR\Datos1\PROGRAS\PROGRA2\Proyecto2\Cliente\ListaCompra.cpp(84,17): error C2065: 'primero': undeclared identifier
C:\Users\gvargasr\ITCR\Datos1\PROGRAS\PROGRA2\Proyecto2\Cliente\ListaCompra.cpp(85,7): warning C4150: deletion of pointer to incomplete type 'nodoLDCompra'; no destructor called
C:\Users\gvargasr\ITCR\Datos1\PROGRAS\PROGRA2\Proyecto2\Cliente\ListaCompra.cpp(6,7): message : see declaration of 'nodoLDCompra'
C:\Users\gvargasr\ITCR\Datos1\PROGRAS\PROGRA2\Proyecto2\Cliente\ListaCompra.cpp(87,4): error C2065: 'primero': undeclared identifier
C:\Users\gvargasr\ITCR\Datos1\PROGRAS\PROGRA2\Proyecto2\Cliente\ListaCompra.cpp(88,1): warning C4508: '{dtor}': function should return a value; 'void' return type assumed
C:\Users\gvargasr\ITCR\Datos1\PROGRAS\PROGRA2\Proyecto2\Cliente\ListaCompra.cpp(90,19): error C2027: use of undefined type 'listaDCompra'
C:\Users\gvargasr\ITCR\Datos1\PROGRAS\PROGRA2\Proyecto2\Cliente\ListaCompra.cpp(51,7): message : see declaration of 'listaDCompra'
C:\Users\gvargasr\ITCR\Datos1\PROGRAS\PROGRA2\Proyecto2\Cliente\ListaCompra.cpp(94,11): error C2065: 'primero': undeclared identifier
C:\Users\gvargasr\ITCR\Datos1\PROGRAS\PROGRA2\Proyecto2\Cliente\ListaCompra.cpp(95,8): error C3861: 'ListaVacia': identifier not found
C:\Users\gvargasr\ITCR\Datos1\PROGRAS\PROGRA2\Proyecto2\Cliente\ListaCompra.cpp(99,13): error C2027: use of undefined type 'nodoLDCompra'
C:\Users\gvargasr\ITCR\Datos1\PROGRAS\PROGRA2\Proyecto2\Cliente\ListaCompra.cpp(6,7): message : see declaration of 'nodoLDCompra'
C:\Users\gvargasr\ITCR\Datos1\PROGRAS\PROGRA2\Proyecto2\Cliente\ListaCompra.cpp(107,20): error C2027: use of undefined type 'listaDCompra'
C:\Users\gvargasr\ITCR\Datos1\PROGRAS\PROGRA2\Proyecto2\Cliente\ListaCompra.cpp(51,7): message : see declaration of 'listaDCompra'
C:\Users\gvargasr\ITCR\Datos1\PROGRAS\PROGRA2\Proyecto2\Cliente\ListaCompra.cpp(109,8): error C3861: 'ListaVacia': identifier not found
C:\Users\gvargasr\ITCR\Datos1\PROGRAS\PROGRA2\Proyecto2\Cliente\ListaCompra.cpp(111,6): error C2065: 'primero': undeclared identifier
C:\Users\gvargasr\ITCR\Datos1\PROGRAS\PROGRA2\Proyecto2\Cliente\ListaCompra.cpp(111,32): error C2027: use of undefined type 'nodoLDCompra'
C:\Users\gvargasr\ITCR\Datos1\PROGRAS\PROGRA2\Proyecto2\Cliente\ListaCompra.cpp(6,7): message : see declaration of 'nodoLDCompra'
C:\Users\gvargasr\ITCR\Datos1\PROGRAS\PROGRA2\Proyecto2\Cliente\ListaCompra.cpp(112,6): error C2065: 'primero': undeclared identifier
C:\Users\gvargasr\ITCR\Datos1\PROGRAS\PROGRA2\Proyecto2\Cliente\ListaCompra.cpp(116,21): error C2065: 'primero': undeclared identifier
C:\Users\gvargasr\ITCR\Datos1\PROGRAS\PROGRA2\Proyecto2\Cliente\ListaCompra.cpp(117,16): error C2027: use of undefined type 'nodoLDCompra'
C:\Users\gvargasr\ITCR\Datos1\PROGRAS\PROGRA2\Proyecto2\Cliente\ListaCompra.cpp(6,7): message : see declaration of 'nodoLDCompra'
C:\Users\gvargasr\ITCR\Datos1\PROGRAS\PROGRA2\Proyecto2\Cliente\ListaCompra.cpp(117,42): error C2027: use of undefined type 'nodoLDCompra'
C:\Users\gvargasr\ITCR\Datos1\PROGRAS\PROGRA2\Proyecto2\Cliente\ListaCompra.cpp(6,7): message : see declaration of 'nodoLDCompra'
C:\Users\gvargasr\ITCR\Datos1\PROGRAS\PROGRA2\Proyecto2\Cliente\ListaCompra.cpp(118,14): error C2027: use of undefined type 'nodoLDCompra'
C:\Users\gvargasr\ITCR\Datos1\PROGRAS\PROGRA2\Proyecto2\Cliente\ListaCompra.cpp(6,7): message : see declaration of 'nodoLDCompra'
C:\Users\gvargasr\ITCR\Datos1\PROGRAS\PROGRA2\Proyecto2\Cliente\ListaCompra.cpp(119,12): error C2027: use of undefined type 'nodoLDCompra'
C:\Users\gvargasr\ITCR\Datos1\PROGRAS\PROGRA2\Proyecto2\Cliente\ListaCompra.cpp(6,7): message : see declaration of 'nodoLDCompra'
C:\Users\gvargasr\ITCR\Datos1\PROGRAS\PROGRA2\Proyecto2\Cliente\ListaCompra.cpp(120,10): error C2065: 'primero': undeclared identifier
C:\Users\gvargasr\ITCR\Datos1\PROGRAS\PROGRA2\Proyecto2\Cliente\ListaCompra.cpp(120,72): error C2065: 'primero': undeclared identifier
C:\Users\gvargasr\ITCR\Datos1\PROGRAS\PROGRA2\Proyecto2\Cliente\ListaCompra.cpp(120,35): error C2027: use of undefined type 'nodoLDCompra'
C:\Users\gvargasr\ITCR\Datos1\PROGRAS\PROGRA2\Proyecto2\Cliente\ListaCompra.cpp(6,7): message : see declaration of 'nodoLDCompra'
C:\Users\gvargasr\ITCR\Datos1\PROGRAS\PROGRA2\Proyecto2\Cliente\ListaCompra.cpp(121,8): error C2065: 'primero': undeclared identifier
C:\Users\gvargasr\ITCR\Datos1\PROGRAS\PROGRA2\Proyecto2\Cliente\ListaCompra.cpp(121,37): error C2065: 'primero': undeclared identifier
C:\Users\gvargasr\ITCR\Datos1\PROGRAS\PROGRA2\Proyecto2\Cliente\ListaCompra.cpp(125,4): error C2027: use of undefined type 'nodoLDCompra'
C:\Users\gvargasr\ITCR\Datos1\PROGRAS\PROGRA2\Proyecto2\Cliente\ListaCompra.cpp(6,7): message : see declaration of 'nodoLDCompra'
C:\Users\gvargasr\ITCR\Datos1\PROGRAS\PROGRA2\Proyecto2\Cliente\ListaCompra.cpp(125,18): error C2027: use of undefined type 'nodoLDCompra'
C:\Users\gvargasr\ITCR\Datos1\PROGRAS\PROGRA2\Proyecto2\Cliente\ListaCompra.cpp(6,7): message : see declaration of 'nodoLDCompra'
C:\Users\gvargasr\ITCR\Datos1\PROGRAS\PROGRA2\Proyecto2\Cliente\ListaCompra.cpp(132,20): error C2027: use of undefined type 'listaDCompra'
C:\Users\gvargasr\ITCR\Datos1\PROGRAS\PROGRA2\Proyecto2\Cliente\ListaCompra.cpp(51,7): message : see declaration of 'listaDCompra'
C:\Users\gvargasr\ITCR\Datos1\PROGRAS\PROGRA2\Proyecto2\Cliente\ListaCompra.cpp(134,8): error C3861: 'ListaVacia': identifier not found
C:\Users\gvargasr\ITCR\Datos1\PROGRAS\PROGRA2\Proyecto2\Cliente\ListaCompra.cpp(135,6): error C2065: 'primero': undeclared identifier
C:\Users\gvargasr\ITCR\Datos1\PROGRAS\PROGRA2\Proyecto2\Cliente\ListaCompra.cpp(135,32): error C2027: use of undefined type 'nodoLDCompra'
C:\Users\gvargasr\ITCR\Datos1\PROGRAS\PROGRA2\Proyecto2\Cliente\ListaCompra.cpp(6,7): message : see declaration of 'nodoLDCompra'
C:\Users\gvargasr\ITCR\Datos1\PROGRAS\PROGRA2\Proyecto2\Cliente\ListaCompra.cpp(139,19): error C2065: 'primero': undeclared identifier
C:\Users\gvargasr\ITCR\Datos1\PROGRAS\PROGRA2\Proyecto2\Cliente\ListaCompra.cpp(140,17): error C2027: use of undefined type 'nodoLDCompra'
C:\Users\gvargasr\ITCR\Datos1\PROGRAS\PROGRA2\Proyecto2\Cliente\ListaCompra.cpp(6,7): message : see declaration of 'nodoLDCompra'
C:\Users\gvargasr\ITCR\Datos1\PROGRAS\PROGRA2\Proyecto2\Cliente\ListaCompra.cpp(140,43): error C2027: use of undefined type 'nodoLDCompra'
C:\Users\gvargasr\ITCR\Datos1\PROGRAS\PROGRA2\Proyecto2\Cliente\ListaCompra.cpp(6,7): message : see declaration of 'nodoLDCompra'
C:\Users\gvargasr\ITCR\Datos1\PROGRAS\PROGRA2\Proyecto2\Cliente\ListaCompra.cpp(141,14): error C2027: use of undefined type 'nodoLDCompra'
C:\Users\gvargasr\ITCR\Datos1\PROGRAS\PROGRA2\Proyecto2\Cliente\ListaCompra.cpp(6,7): message : see declaration of 'nodoLDCompra'
C:\Users\gvargasr\ITCR\Datos1\PROGRAS\PROGRA2\Proyecto2\Cliente\ListaCompra.cpp(142,12): error C2027: use of undefined type 'nodoLDCompra'
C:\Users\gvargasr\ITCR\Datos1\PROGRAS\PROGRA2\Proyecto2\Cliente\ListaCompra.cpp(6,7): message : see declaration of 'nodoLDCompra'
C:\Users\gvargasr\ITCR\Datos1\PROGRAS\PROGRA2\Proyecto2\Cliente\ListaCompra.cpp(143,10): error C2027: use of undefined type 'nodoLDCompra'
C:\Users\gvargasr\ITCR\Datos1\PROGRAS\PROGRA2\Proyecto2\Cliente\ListaCompra.cpp(6,7): message : see declaration of 'nodoLDCompra'
C:\Users\gvargasr\ITCR\Datos1\PROGRAS\PROGRA2\Proyecto2\Cliente\ListaCompra.cpp(143,41): error C2027: use of undefined type 'nodoLDCompra'
C:\Users\gvargasr\ITCR\Datos1\PROGRAS\PROGRA2\Proyecto2\Cliente\ListaCompra.cpp(6,7): message : see declaration of 'nodoLDCompra'
C:\Users\gvargasr\ITCR\Datos1\PROGRAS\PROGRA2\Proyecto2\Cliente\ListaCompra.cpp(144,10): error C2027: use of undefined type 'nodoLDCompra'
C:\Users\gvargasr\ITCR\Datos1\PROGRAS\PROGRA2\Proyecto2\Cliente\ListaCompra.cpp(6,7): message : see declaration of 'nodoLDCompra'
C:\Users\gvargasr\ITCR\Datos1\PROGRAS\PROGRA2\Proyecto2\Cliente\ListaCompra.cpp(148,4): error C2027: use of undefined type 'nodoLDCompra'
C:\Users\gvargasr\ITCR\Datos1\PROGRAS\PROGRA2\Proyecto2\Cliente\ListaCompra.cpp(6,7): message : see declaration of 'nodoLDCompra'
C:\Users\gvargasr\ITCR\Datos1\PROGRAS\PROGRA2\Proyecto2\Cliente\ListaCompra.cpp(148,19): error C2027: use of undefined type 'nodoLDCompra'
C:\Users\gvargasr\ITCR\Datos1\PROGRAS\PROGRA2\Proyecto2\Cliente\ListaCompra.cpp(6,7): message : see declaration of 'nodoLDCompra'
C:\Users\gvargasr\ITCR\Datos1\PROGRAS\PROGRA2\Proyecto2\Cliente\ListaCompra.cpp(154,20): error C2027: use of undefined type 'listaDCompra'
C:\Users\gvargasr\ITCR\Datos1\PROGRAS\PROGRA2\Proyecto2\Cliente\ListaCompra.cpp(51,7): message : see declaration of 'listaDCompra'
C:\Users\gvargasr\ITCR\Datos1\PROGRAS\PROGRA2\Proyecto2\Cliente\ListaCompra.cpp(156,8): error C3861: 'ListaVacia': identifier not found
C:\Users\gvargasr\ITCR\Datos1\PROGRAS\PROGRA2\Proyecto2\Cliente\ListaCompra.cpp(159,6): error C2065: 'primero': undeclared identifier
C:\Users\gvargasr\ITCR\Datos1\PROGRAS\PROGRA2\Proyecto2\Cliente\ListaCompra.cpp(159,32): error C2027: use of undefined type 'nodoLDCompra'
C:\Users\gvargasr\ITCR\Datos1\PROGRAS\PROGRA2\Proyecto2\Cliente\ListaCompra.cpp(6,7): message : see declaration of 'nodoLDCompra'
C:\Users\gvargasr\ITCR\Datos1\PROGRAS\PROGRA2\Proyecto2\Cliente\ListaCompra.cpp(160,6): error C2065: 'primero': undeclared identifier
C:\Users\gvargasr\ITCR\Datos1\PROGRAS\PROGRA2\Proyecto2\Cliente\ListaCompra.cpp(167,29): error C2065: 'primero': undeclared identifier
C:\Users\gvargasr\ITCR\Datos1\PROGRAS\PROGRA2\Proyecto2\Cliente\ListaCompra.cpp(169,34): error C2027: use of undefined type 'nodoLDCompra'
C:\Users\gvargasr\ITCR\Datos1\PROGRAS\PROGRA2\Proyecto2\Cliente\ListaCompra.cpp(6,7): message : see declaration of 'nodoLDCompra'
C:\Users\gvargasr\ITCR\Datos1\PROGRAS\PROGRA2\Proyecto2\Cliente\ListaCompra.cpp(171,24): error C2027: use of undefined type 'nodoLDCompra'
C:\Users\gvargasr\ITCR\Datos1\PROGRAS\PROGRA2\Proyecto2\Cliente\ListaCompra.cpp(6,7): message : see declaration of 'nodoLDCompra'
C:\Users\gvargasr\ITCR\Datos1\PROGRAS\PROGRA2\Proyecto2\Cliente\ListaCompra.cpp(173,47): error C2027: use of undefined type 'nodoLDCompra'
C:\Users\gvargasr\ITCR\Datos1\PROGRAS\PROGRA2\Proyecto2\Cliente\ListaCompra.cpp(6,7): message : see declaration of 'nodoLDCompra'
C:\Users\gvargasr\ITCR\Datos1\PROGRAS\PROGRA2\Proyecto2\Cliente\ListaCompra.cpp(174,14): error C2027: use of undefined type 'nodoLDCompra'
C:\Users\gvargasr\ITCR\Datos1\PROGRAS\PROGRA2\Proyecto2\Cliente\ListaCompra.cpp(6,7): message : see declaration of 'nodoLDCompra'
C:\Users\gvargasr\ITCR\Datos1\PROGRAS\PROGRA2\Proyecto2\Cliente\ListaCompra.cpp(174,31): error C2027: use of undefined type 'nodoLDCompra'
C:\Users\gvargasr\ITCR\Datos1\PROGRAS\PROGRA2\Proyecto2\Cliente\ListaCompra.cpp(6,7): message : see declaration of 'nodoLDCompra'
C:\Users\gvargasr\ITCR\Datos1\PROGRAS\PROGRA2\Proyecto2\Cliente\ListaCompra.cpp(175,5): error C2027: use of undefined type 'nodoLDCompra'
C:\Users\gvargasr\ITCR\Datos1\PROGRAS\PROGRA2\Proyecto2\Cliente\ListaCompra.cpp(6,7): message : see declaration of 'nodoLDCompra'
C:\Users\gvargasr\ITCR\Datos1\PROGRAS\PROGRA2\Proyecto2\Cliente\ListaCompra.cpp(176,7): error C2027: use of undefined type 'nodoLDCompra'
C:\Users\gvargasr\ITCR\Datos1\PROGRAS\PROGRA2\Proyecto2\Cliente\ListaCompra.cpp(6,7): message : see declaration of 'nodoLDCompra'
C:\Users\gvargasr\ITCR\Datos1\PROGRAS\PROGRA2\Proyecto2\Cliente\ListaCompra.cpp(177,7): error C2027: use of undefined type 'nodoLDCompra'
C:\Users\gvargasr\ITCR\Datos1\PROGRAS\PROGRA2\Proyecto2\Cliente\ListaCompra.cpp(6,7): message : see declaration of 'nodoLDCompra'
C:\Users\gvargasr\ITCR\Datos1\PROGRAS\PROGRA2\Proyecto2\Cliente\ListaCompra.cpp(182,20): error C2027: use of undefined type 'listaDCompra'
C:\Users\gvargasr\ITCR\Datos1\PROGRAS\PROGRA2\Proyecto2\Cliente\ListaCompra.cpp(51,7): message : see declaration of 'listaDCompra'
C:\Users\gvargasr\ITCR\Datos1\PROGRAS\PROGRA2\Proyecto2\Cliente\ListaCompra.cpp(184,9): error C3861: 'ListaVacia': identifier not found
C:\Users\gvargasr\ITCR\Datos1\PROGRAS\PROGRA2\Proyecto2\Cliente\ListaCompra.cpp(188,13): error C2065: 'primero': undeclared identifier
C:\Users\gvargasr\ITCR\Datos1\PROGRAS\PROGRA2\Proyecto2\Cliente\ListaCompra.cpp(190,25): error C2065: 'primero': undeclared identifier
C:\Users\gvargasr\ITCR\Datos1\PROGRAS\PROGRA2\Proyecto2\Cliente\ListaCompra.cpp(191,13): error C2065: 'primero': undeclared identifier
C:\Users\gvargasr\ITCR\Datos1\PROGRAS\PROGRA2\Proyecto2\Cliente\ListaCompra.cpp(192,43): error C2027: use of undefined type 'nodoLDCompra'
C:\Users\gvargasr\ITCR\Datos1\PROGRAS\PROGRA2\Proyecto2\Cliente\ListaCompra.cpp(6,7): message : see declaration of 'nodoLDCompra'
C:\Users\gvargasr\ITCR\Datos1\PROGRAS\PROGRA2\Proyecto2\Cliente\ListaCompra.cpp(192,59): error C2027: use of undefined type 'nodoLDCompra'
C:\Users\gvargasr\ITCR\Datos1\PROGRAS\PROGRA2\Proyecto2\Cliente\ListaCompra.cpp(6,7): message : see declaration of 'nodoLDCompra'
C:\Users\gvargasr\ITCR\Datos1\PROGRAS\PROGRA2\Proyecto2\Cliente\ListaCompra.cpp(193,13): warning C4150: deletion of pointer to incomplete type 'nodoLDCompra'; no destructor called
C:\Users\gvargasr\ITCR\Datos1\PROGRAS\PROGRA2\Proyecto2\Cliente\ListaCompra.cpp(6,7): message : see declaration of 'nodoLDCompra'
C:\Users\gvargasr\ITCR\Datos1\PROGRAS\PROGRA2\Proyecto2\Cliente\ListaCompra.cpp(198,33): error C2065: 'primero': undeclared identifier
C:\Users\gvargasr\ITCR\Datos1\PROGRAS\PROGRA2\Proyecto2\Cliente\ListaCompra.cpp(199,24): error C2027: use of undefined type 'nodoLDCompra'
C:\Users\gvargasr\ITCR\Datos1\PROGRAS\PROGRA2\Proyecto2\Cliente\ListaCompra.cpp(6,7): message : see declaration of 'nodoLDCompra'
C:\Users\gvargasr\ITCR\Datos1\PROGRAS\PROGRA2\Proyecto2\Cliente\ListaCompra.cpp(201,27): error C2027: use of undefined type 'nodoLDCompra'
C:\Users\gvargasr\ITCR\Datos1\PROGRAS\PROGRA2\Proyecto2\Cliente\ListaCompra.cpp(6,7): message : see declaration of 'nodoLDCompra'
C:\Users\gvargasr\ITCR\Datos1\PROGRAS\PROGRA2\Proyecto2\Cliente\ListaCompra.cpp(204,33): error C2027: use of undefined type 'nodoLDCompra'
C:\Users\gvargasr\ITCR\Datos1\PROGRAS\PROGRA2\Proyecto2\Cliente\ListaCompra.cpp(6,7): message : see declaration of 'nodoLDCompra'
C:\Users\gvargasr\ITCR\Datos1\PROGRAS\PROGRA2\Proyecto2\Cliente\ListaCompra.cpp(205,47): error C2027: use of undefined type 'nodoLDCompra'
C:\Users\gvargasr\ITCR\Datos1\PROGRAS\PROGRA2\Proyecto2\Cliente\ListaCompra.cpp(6,7): message : see declaration of 'nodoLDCompra'
C:\Users\gvargasr\ITCR\Datos1\PROGRAS\PROGRA2\Proyecto2\Cliente\ListaCompra.cpp(205,63): error C2027: use of undefined type 'nodoLDCompra'
C:\Users\gvargasr\ITCR\Datos1\PROGRAS\PROGRA2\Proyecto2\Cliente\ListaCompra.cpp(6,7): message : see declaration of 'nodoLDCompra'
C:\Users\gvargasr\ITCR\Datos1\PROGRAS\PROGRA2\Proyecto2\Cliente\ListaCompra.cpp(206,17): error C2027: use of undefined type 'nodoLDCompra'
C:\Users\gvargasr\ITCR\Datos1\PROGRAS\PROGRA2\Proyecto2\Cliente\ListaCompra.cpp(6,7): message : see declaration of 'nodoLDCompra'
C:\Users\gvargasr\ITCR\Datos1\PROGRAS\PROGRA2\Proyecto2\Cliente\ListaCompra.cpp(207,17): warning C4150: deletion of pointer to incomplete type 'nodoLDCompra'; no destructor called
C:\Users\gvargasr\ITCR\Datos1\PROGRAS\PROGRA2\Proyecto2\Cliente\ListaCompra.cpp(6,7): message : see declaration of 'nodoLDCompra'
C:\Users\gvargasr\ITCR\Datos1\PROGRAS\PROGRA2\Proyecto2\Cliente\ListaCompra.cpp(212,20): error C2027: use of undefined type 'listaDCompra'
C:\Users\gvargasr\ITCR\Datos1\PROGRAS\PROGRA2\Proyecto2\Cliente\ListaCompra.cpp(51,7): message : see declaration of 'listaDCompra'
C:\Users\gvargasr\ITCR\Datos1\PROGRAS\PROGRA2\Proyecto2\Cliente\ListaCompra.cpp(214,9): error C3861: 'ListaVacia': identifier not found
C:\Users\gvargasr\ITCR\Datos1\PROGRAS\PROGRA2\Proyecto2\Cliente\ListaCompra.cpp(218,13): error C2065: 'primero': undeclared identifier
C:\Users\gvargasr\ITCR\Datos1\PROGRAS\PROGRA2\Proyecto2\Cliente\ListaCompra.cpp(219,28): error C2065: 'primero': undeclared identifier
C:\Users\gvargasr\ITCR\Datos1\PROGRAS\PROGRA2\Proyecto2\Cliente\ListaCompra.cpp(220,13): error C2065: 'primero': undeclared identifier
C:\Users\gvargasr\ITCR\Datos1\PROGRAS\PROGRA2\Proyecto2\Cliente\ListaCompra.cpp(221,43): error C2027: use of undefined type 'nodoLDCompra'
C:\Users\gvargasr\ITCR\Datos1\PROGRAS\PROGRA2\Proyecto2\Cliente\ListaCompra.cpp(6,7): message : see declaration of 'nodoLDCompra'
C:\Users\gvargasr\ITCR\Datos1\PROGRAS\PROGRA2\Proyecto2\Cliente\ListaCompra.cpp(221,59): error C2027: use of undefined type 'nodoLDCompra'
C:\Users\gvargasr\ITCR\Datos1\PROGRAS\PROGRA2\Proyecto2\Cliente\ListaCompra.cpp(6,7): message : see declaration of 'nodoLDCompra'
C:\Users\gvargasr\ITCR\Datos1\PROGRAS\PROGRA2\Proyecto2\Cliente\ListaCompra.cpp(222,13): warning C4150: deletion of pointer to incomplete type 'nodoLDCompra'; no destructor called
C:\Users\gvargasr\ITCR\Datos1\PROGRAS\PROGRA2\Proyecto2\Cliente\ListaCompra.cpp(6,7): message : see declaration of 'nodoLDCompra'
C:\Users\gvargasr\ITCR\Datos1\PROGRAS\PROGRA2\Proyecto2\Cliente\ListaCompra.cpp(227,33): error C2065: 'primero': undeclared identifier
C:\Users\gvargasr\ITCR\Datos1\PROGRAS\PROGRA2\Proyecto2\Cliente\ListaCompra.cpp(228,17): error C2065: 'primero': undeclared identifier
C:\Users\gvargasr\ITCR\Datos1\PROGRAS\PROGRA2\Proyecto2\Cliente\ListaCompra.cpp(228,25): error C2065: 'primero': undeclared identifier
C:\Users\gvargasr\ITCR\Datos1\PROGRAS\PROGRA2\Proyecto2\Cliente\ListaCompra.cpp(229,5): error C2065: 'primero': undeclared identifier
C:\Users\gvargasr\ITCR\Datos1\PROGRAS\PROGRA2\Proyecto2\Cliente\ListaCompra.cpp(230,35): error C2027: use of undefined type 'nodoLDCompra'
C:\Users\gvargasr\ITCR\Datos1\PROGRAS\PROGRA2\Proyecto2\Cliente\ListaCompra.cpp(6,7): message : see declaration of 'nodoLDCompra'
C:\Users\gvargasr\ITCR\Datos1\PROGRAS\PROGRA2\Proyecto2\Cliente\ListaCompra.cpp(230,50): error C2027: use of undefined type 'nodoLDCompra'
C:\Users\gvargasr\ITCR\Datos1\PROGRAS\PROGRA2\Proyecto2\Cliente\ListaCompra.cpp(6,7): message : see declaration of 'nodoLDCompra'
C:\Users\gvargasr\ITCR\Datos1\PROGRAS\PROGRA2\Proyecto2\Cliente\ListaCompra.cpp(231,17): warning C4150: deletion of pointer to incomplete type 'nodoLDCompra'; no destructor called
C:\Users\gvargasr\ITCR\Datos1\PROGRAS\PROGRA2\Proyecto2\Cliente\ListaCompra.cpp(6,7): message : see declaration of 'nodoLDCompra'
C:\Users\gvargasr\ITCR\Datos1\PROGRAS\PROGRA2\Proyecto2\Cliente\ListaCompra.cpp(236,19): error C2027: use of undefined type 'listaDCompra'
C:\Users\gvargasr\ITCR\Datos1\PROGRAS\PROGRA2\Proyecto2\Cliente\ListaCompra.cpp(51,7): message : see declaration of 'listaDCompra'
C:\Users\gvargasr\ITCR\Datos1\PROGRAS\PROGRA2\Proyecto2\Cliente\ListaCompra.cpp(237,5): error C3861: 'ListaVacia': identifier not found
C:\Users\gvargasr\ITCR\Datos1\PROGRAS\PROGRA2\Proyecto2\Cliente\ListaCompra.cpp(242,17): error C2065: 'primero': undeclared identifier
C:\Users\gvargasr\ITCR\Datos1\PROGRAS\PROGRA2\Proyecto2\Cliente\ListaCompra.cpp(246,7): error C2027: use of undefined type 'nodoLDCompra'
C:\Users\gvargasr\ITCR\Datos1\PROGRAS\PROGRA2\Proyecto2\Cliente\ListaCompra.cpp(6,7): message : see declaration of 'nodoLDCompra'
C:\Users\gvargasr\ITCR\Datos1\PROGRAS\PROGRA2\Proyecto2\Cliente\ListaCompra.cpp(252,8): error C2027: use of undefined type 'nodoLDCompra'
C:\Users\gvargasr\ITCR\Datos1\PROGRAS\PROGRA2\Proyecto2\Cliente\ListaCompra.cpp(6,7): message : see declaration of 'nodoLDCompra'
C:\Users\gvargasr\ITCR\Datos1\PROGRAS\PROGRA2\Proyecto2\Cliente\ListaCompra.cpp(262,21): error C2027: use of undefined type 'listaDCompra'
C:\Users\gvargasr\ITCR\Datos1\PROGRAS\PROGRA2\Proyecto2\Cliente\ListaCompra.cpp(51,7): message : see declaration of 'listaDCompra'
C:\Users\gvargasr\ITCR\Datos1\PROGRAS\PROGRA2\Proyecto2\Cliente\ListaCompra.cpp(264,9): error C3861: 'ListaVacia': identifier not found
C:\Users\gvargasr\ITCR\Datos1\PROGRAS\PROGRA2\Proyecto2\Cliente\ListaCompra.cpp(285,29): error C2065: 'primero': undeclared identifier
C:\Users\gvargasr\ITCR\Datos1\PROGRAS\PROGRA2\Proyecto2\Cliente\ListaCompra.cpp(288,18): error C2027: use of undefined type 'nodoLDCompra'
C:\Users\gvargasr\ITCR\Datos1\PROGRAS\PROGRA2\Proyecto2\Cliente\ListaCompra.cpp(6,7): message : see declaration of 'nodoLDCompra'
C:\Users\gvargasr\ITCR\Datos1\PROGRAS\PROGRA2\Proyecto2\Cliente\ListaCompra.cpp(291,28): error C2027: use of undefined type 'nodoLDCompra'
C:\Users\gvargasr\ITCR\Datos1\PROGRAS\PROGRA2\Proyecto2\Cliente\ListaCompra.cpp(6,7): message : see declaration of 'nodoLDCompra'
C:\Users\gvargasr\ITCR\Datos1\PROGRAS\PROGRA2\Proyecto2\Cliente\ListaCompra.cpp(292,13): error C2027: use of undefined type 'nodoLDCompra'
C:\Users\gvargasr\ITCR\Datos1\PROGRAS\PROGRA2\Proyecto2\Cliente\ListaCompra.cpp(6,7): message : see declaration of 'nodoLDCompra'
C:\Users\gvargasr\ITCR\Datos1\PROGRAS\PROGRA2\Proyecto2\Cliente\ListaCompra.cpp(292,28): error C2027: use of undefined type 'nodoLDCompra'
C:\Users\gvargasr\ITCR\Datos1\PROGRAS\PROGRA2\Proyecto2\Cliente\ListaCompra.cpp(6,7): message : see declaration of 'nodoLDCompra'
C:\Users\gvargasr\ITCR\Datos1\PROGRAS\PROGRA2\Proyecto2\Cliente\ListaCompra.cpp(293,13): error C2027: use of undefined type 'nodoLDCompra'
C:\Users\gvargasr\ITCR\Datos1\PROGRAS\PROGRA2\Proyecto2\Cliente\ListaCompra.cpp(6,7): message : see declaration of 'nodoLDCompra'
C:\Users\gvargasr\ITCR\Datos1\PROGRAS\PROGRA2\Proyecto2\Cliente\ListaCompra.cpp(294,43): error C2027: use of undefined type 'nodoLDCompra'
C:\Users\gvargasr\ITCR\Datos1\PROGRAS\PROGRA2\Proyecto2\Cliente\ListaCompra.cpp(6,7): message : see declaration of 'nodoLDCompra'
C:\Users\gvargasr\ITCR\Datos1\PROGRAS\PROGRA2\Proyecto2\Cliente\ListaCompra.cpp(294,59): error C2027: use of undefined type 'nodoLDCompra'
C:\Users\gvargasr\ITCR\Datos1\PROGRAS\PROGRA2\Proyecto2\Cliente\ListaCompra.cpp(6,7): message : see declaration of 'nodoLDCompra'
C:\Users\gvargasr\ITCR\Datos1\PROGRAS\PROGRA2\Proyecto2\Cliente\ListaCompra.cpp(295,13): warning C4150: deletion of pointer to incomplete type 'nodoLDCompra'; no destructor called
C:\Users\gvargasr\ITCR\Datos1\PROGRAS\PROGRA2\Proyecto2\Cliente\ListaCompra.cpp(6,7): message : see declaration of 'nodoLDCompra'
C:\Users\gvargasr\ITCR\Datos1\PROGRAS\PROGRA2\Proyecto2\Cliente\ListaCompra.cpp(303,22): error C2027: use of undefined type 'listaDCompra'
C:\Users\gvargasr\ITCR\Datos1\PROGRAS\PROGRA2\Proyecto2\Cliente\ListaCompra.cpp(51,7): message : see declaration of 'listaDCompra'
C:\Users\gvargasr\ITCR\Datos1\PROGRAS\PROGRA2\Proyecto2\Cliente\ListaCompra.cpp(307,10): error C2065: 'primero': undeclared identifier
C:\Users\gvargasr\ITCR\Datos1\PROGRAS\PROGRA2\Proyecto2\Cliente\ListaCompra.cpp(307,17): fatal  error C1003: error count exceeds 100; stopping compilation
